<?xml version="1.0" encoding="UTF-8"?>
<testsuite xmlns:xsi="http://www.w3.org/2001/XMLSchema-instance" xsi:noNamespaceSchemaLocation="https://maven.apache.org/surefire/maven-surefire-plugin/xsd/surefire-test-report.xsd" name="br.com.anderson.acaiDelivey.controller.PedidoControllerTest" time="4.783" tests="7" errors="0" skipped="0" failures="0">
  <properties>
[...]
</properties>
  <testcase name="escolher_acai_with_url_then_return_forbidden" classname="br.com.anderson.acaiDelivey.controller.PedidoControllerTest" time="3.551"/>
  <testcase name="personalizar_acai_with_url_then_return_success" classname="br.com.anderson.acaiDelivey.controller.PedidoControllerTest" time="0.17"/>
  <testcase name="escolher_acai_with_url_then_return_success" classname="br.com.anderson.acaiDelivey.controller.PedidoControllerTest" time="0.886"/>
  <testcase name="escolher_acai_without_header_then_return_bad_request" classname="br.com.anderson.acaiDelivey.controller.PedidoControllerTest" time="0.05"/>
  <testcase name="escolher_acai_with_wrong_url_then_return_method_not_allowed" classname="br.com.anderson.acaiDelivey.controller.PedidoControllerTest" time="0.036"/>
  <testcase name="personalizar_acai_without_header_then_return_bad_request" classname="br.com.anderson.acaiDelivey.controller.PedidoControllerTest" time="0.047"/>
  <testcase name="escolher_acai_with_wrong_sabor_value_url_then_return_not_found" classname="br.com.anderson.acaiDelivey.controller.PedidoControllerTest" time="0.025"/>
</testsuite>